<?xml version="1.0" encoding="UTF-8"?>
<!-- Generated by org.testng.reporters.JUnitReportReporter -->
<testsuite skipped="0" hostname="DESKTOP-6B3GB9B" name="com.HelloSeleniumTest.Demo" tests="1" failures="0" timestamp="26 Sep 2018 03:34:11 GMT" time="0.047" errors="0">
  <testcase name="a" time="0.047" classname="com.HelloSeleniumTest.Demo"/>
</testsuite> <!-- com.HelloSeleniumTest.Demo -->
